[DEBUG][22-10-16][org.apache.ibatis.logging.LogFactory]Logging initialized using 'class org.apache.ibatis.logging.log4j.Log4jImpl' adapter.
[DEBUG][22-10-16][org.apache.ibatis.datasource.pooled.PooledDataSource]PooledDataSource forcefully closed/removed all connections.
[DEBUG][22-10-16][org.apache.ibatis.datasource.pooled.PooledDataSource]PooledDataSource forcefully closed/removed all connections.
[DEBUG][22-10-16][org.apache.ibatis.datasource.pooled.PooledDataSource]PooledDataSource forcefully closed/removed all connections.
[DEBUG][22-10-16][org.apache.ibatis.datasource.pooled.PooledDataSource]PooledDataSource forcefully closed/removed all connections.
[DEBUG][22-10-16][org.apache.ibatis.transaction.jdbc.JdbcTransaction]Opening JDBC Connection
[DEBUG][22-10-16][org.apache.ibatis.datasource.pooled.PooledDataSource]Created connection 195381554.
[DEBUG][22-10-16][com.itheima.mapper.UserMapper.insertUser2]==>  Preparing: insert into user2 values(null,'廖琴','1111111','19')
[DEBUG][22-10-16][com.itheima.mapper.UserMapper.insertUser2]==> Parameters: 
[DEBUG][22-10-16][com.itheima.mapper.UserMapper.insertUser2]<==    Updates: 1
[DEBUG][22-10-16][org.apache.ibatis.logging.LogFactory]Logging initialized using 'class org.apache.ibatis.logging.log4j.Log4jImpl' adapter.
[DEBUG][22-10-16][org.apache.ibatis.datasource.pooled.PooledDataSource]PooledDataSource forcefully closed/removed all connections.
[DEBUG][22-10-16][org.apache.ibatis.datasource.pooled.PooledDataSource]PooledDataSource forcefully closed/removed all connections.
[DEBUG][22-10-16][org.apache.ibatis.datasource.pooled.PooledDataSource]PooledDataSource forcefully closed/removed all connections.
[DEBUG][22-10-16][org.apache.ibatis.datasource.pooled.PooledDataSource]PooledDataSource forcefully closed/removed all connections.
[DEBUG][22-10-16][org.apache.ibatis.transaction.jdbc.JdbcTransaction]Opening JDBC Connection
[DEBUG][22-10-16][org.apache.ibatis.datasource.pooled.PooledDataSource]Created connection 195381554.
[DEBUG][22-10-16][com.itheima.mapper.UserMapper.insertUser2]==>  Preparing: insert into user2 values(null,'廖琴','1111111','19')
[DEBUG][22-10-16][com.itheima.mapper.UserMapper.insertUser2]==> Parameters: 
[DEBUG][22-10-16][com.itheima.mapper.UserMapper.insertUser2]<==    Updates: 1
